  Main.cpp
S:\CppHomeWork\3DProgramming\MuseonCircle\MuseonCircle\Main.cpp(90,30): error C3861: 'radians': 식별자를 찾을 수 없습니다.
S:\CppHomeWork\3DProgramming\MuseonCircle\MuseonCircle\Main.cpp(91,29): error C3861: 'radians': 식별자를 찾을 수 없습니다.
S:\CppHomeWork\3DProgramming\MuseonCircle\MuseonCircle\Main.cpp(108,36): error C3861: 'radians': 식별자를 찾을 수 없습니다.
S:\CppHomeWork\3DProgramming\MuseonCircle\MuseonCircle\Main.cpp(109,35): error C3861: 'radians': 식별자를 찾을 수 없습니다.
S:\CppHomeWork\3DProgramming\MuseonCircle\MuseonCircle\Main.cpp(128,13): error C3861: 'radians': 식별자를 찾을 수 없습니다.
S:\CppHomeWork\3DProgramming\MuseonCircle\MuseonCircle\Main.cpp(128,33): error C3861: 'radians': 식별자를 찾을 수 없습니다.
S:\CppHomeWork\3DProgramming\MuseonCircle\MuseonCircle\Main.cpp(129,13): error C3861: 'radians': 식별자를 찾을 수 없습니다.
S:\CppHomeWork\3DProgramming\MuseonCircle\MuseonCircle\Main.cpp(129,33): error C3861: 'radians': 식별자를 찾을 수 없습니다.
S:\CppHomeWork\3DProgramming\MuseonCircle\MuseonCircle\Main.cpp(127,30): error C2440: '<function-style-cast>': 'initializer list'에서 'mat3'(으)로 변환할 수 없습니다.
S:\CppHomeWork\3DProgramming\MuseonCircle\MuseonCircle\Main.cpp(131,5): message : 소스 형식을 가져올 수 있는 생성자가 없거나 생성자 오버로드 확인이 모호합니다.
S:\CppHomeWork\3DProgramming\MuseonCircle\MuseonCircle\Main.cpp(169,17): error C3861: 'radians': 식별자를 찾을 수 없습니다.
S:\CppHomeWork\3DProgramming\MuseonCircle\MuseonCircle\Main.cpp(169,40): error C3861: 'radians': 식별자를 찾을 수 없습니다.
S:\CppHomeWork\3DProgramming\MuseonCircle\MuseonCircle\Main.cpp(170,17): error C3861: 'radians': 식별자를 찾을 수 없습니다.
S:\CppHomeWork\3DProgramming\MuseonCircle\MuseonCircle\Main.cpp(170,39): error C3861: 'radians': 식별자를 찾을 수 없습니다.
S:\CppHomeWork\3DProgramming\MuseonCircle\MuseonCircle\Main.cpp(168,34): error C2440: '<function-style-cast>': 'initializer list'에서 'mat3'(으)로 변환할 수 없습니다.
S:\CppHomeWork\3DProgramming\MuseonCircle\MuseonCircle\Main.cpp(172,9): message : 소스 형식을 가져올 수 있는 생성자가 없거나 생성자 오버로드 확인이 모호합니다.
S:\CppHomeWork\3DProgramming\MuseonCircle\MuseonCircle\Main.cpp(211,114): error C2678: 이항 '*': 왼쪽 피연산자로 'const mat3' 형식을 사용하는 연산자가 없거나 허용되는 변환이 없습니다.
S:\CppHomeWork\3DProgramming\MuseonCircle\MuseonCircle\MuSoenMath.h(370,12): message : 'const mat4 operator *(const mat4 &,const mat4 &)'일 수 있습니다.
S:\CppHomeWork\3DProgramming\MuseonCircle\MuseonCircle\MuSoenMath.h(322,12): message : 또는       'const mat3 operator *(const mat3 &,const mat3 &)'
S:\CppHomeWork\3DProgramming\MuseonCircle\MuseonCircle\MuSoenMath.h(296,12): message : 또는       'const vec4 operator *(const vec4 &,const int &)'
S:\CppHomeWork\3DProgramming\MuseonCircle\MuseonCircle\MuSoenMath.h(281,12): message : 또는       'const vec4 operator *(const vec4 &,const mat4 &)'
S:\CppHomeWork\3DProgramming\MuseonCircle\MuseonCircle\MuSoenMath.h(257,12): message : 또는       'const vec3 operator *(const vec3 &,const int &)'
S:\CppHomeWork\3DProgramming\MuseonCircle\MuseonCircle\MuSoenMath.h(243,12): message : 또는       'const vec3 operator *(const vec3 &,const mat3 &)'
S:\CppHomeWork\3DProgramming\MuseonCircle\MuseonCircle\Main.cpp(211,114): message : 인수 목록 '(const mat3, vec3)'을(를) 일치시키는 동안
S:\CppHomeWork\3DProgramming\MuseonCircle\MuseonCircle\Main.cpp(216,110): error C2678: 이항 '*': 왼쪽 피연산자로 'const mat3' 형식을 사용하는 연산자가 없거나 허용되는 변환이 없습니다.
S:\CppHomeWork\3DProgramming\MuseonCircle\MuseonCircle\MuSoenMath.h(370,12): message : 'const mat4 operator *(const mat4 &,const mat4 &)'일 수 있습니다.
S:\CppHomeWork\3DProgramming\MuseonCircle\MuseonCircle\MuSoenMath.h(322,12): message : 또는       'const mat3 operator *(const mat3 &,const mat3 &)'
S:\CppHomeWork\3DProgramming\MuseonCircle\MuseonCircle\MuSoenMath.h(296,12): message : 또는       'const vec4 operator *(const vec4 &,const int &)'
S:\CppHomeWork\3DProgramming\MuseonCircle\MuseonCircle\MuSoenMath.h(281,12): message : 또는       'const vec4 operator *(const vec4 &,const mat4 &)'
S:\CppHomeWork\3DProgramming\MuseonCircle\MuseonCircle\MuSoenMath.h(257,12): message : 또는       'const vec3 operator *(const vec3 &,const int &)'
S:\CppHomeWork\3DProgramming\MuseonCircle\MuseonCircle\MuSoenMath.h(243,12): message : 또는       'const vec3 operator *(const vec3 &,const mat3 &)'
S:\CppHomeWork\3DProgramming\MuseonCircle\MuseonCircle\Main.cpp(216,110): message : 인수 목록 '(const mat3, vec3)'을(를) 일치시키는 동안
S:\CppHomeWork\3DProgramming\MuseonCircle\MuseonCircle\Main.cpp(270,19): warning C4244: '초기화 중': 'double'에서 'float'(으)로 변환하면서 데이터가 손실될 수 있습니다.
